<?xml version="1.0" encoding="UTF-8"?>
<testng-results ignored="0" total="3" passed="3" failed="0" skipped="0">
  <reporter-output>
  </reporter-output>
  <suite started-at="2023-05-30T17:00:10 IST" name="Suite" finished-at="2023-05-30T17:00:31 IST" duration-ms="21568">
    <groups>
    </groups>
    <test started-at="2023-05-30T17:00:10 IST" name="Test-0" finished-at="2023-05-30T17:00:20 IST" duration-ms="10281">
      <class name="Test.java_test_script">
        <test-method signature="titlecheck()[pri:0, instance:Test.java_test_script@6892cc6f]" started-at="2023-05-30T17:00:10 IST" name="titlecheck" finished-at="2023-05-30T17:00:19 IST" duration-ms="8876" status="PASS">
          <reporter-output>
          </reporter-output>
        </test-method> <!-- titlecheck -->
      </class> <!-- Test.java_test_script -->
    </test> <!-- Test-0 -->
    <test started-at="2023-05-30T17:00:10 IST" name="Test-2" finished-at="2023-05-30T17:00:21 IST" duration-ms="11232">
      <class name="Test.java_test_script">
        <test-method signature="titlecheck()[pri:0, instance:Test.java_test_script@149f5761]" started-at="2023-05-30T17:00:10 IST" name="titlecheck" finished-at="2023-05-30T17:00:21 IST" duration-ms="11018" status="PASS">
          <reporter-output>
          </reporter-output>
        </test-method> <!-- titlecheck -->
      </class> <!-- Test.java_test_script -->
    </test> <!-- Test-2 -->
    <test started-at="2023-05-30T17:00:10 IST" name="Test-1" finished-at="2023-05-30T17:00:31 IST" duration-ms="21568">
      <class name="Test.java_test_script">
        <test-method signature="titlecheck()[pri:0, instance:Test.java_test_script@3350ebdd]" started-at="2023-05-30T17:00:10 IST" name="titlecheck" finished-at="2023-05-30T17:00:30 IST" duration-ms="20137" status="PASS">
          <reporter-output>
          </reporter-output>
        </test-method> <!-- titlecheck -->
      </class> <!-- Test.java_test_script -->
    </test> <!-- Test-1 -->
  </suite> <!-- Suite -->
</testng-results>
