<?xml version="1.0" encoding="UTF-8"?>
<testng-results ignored="0" total="3" passed="3" failed="0" skipped="0">
  <reporter-output>
  </reporter-output>
  <suite started-at="2023-05-29T16:22:25 IST" name="Suite" finished-at="2023-05-29T16:22:45 IST" duration-ms="20012">
    <groups>
    </groups>
    <test started-at="2023-05-29T16:22:25 IST" name="Test-2" finished-at="2023-05-29T16:22:42 IST" duration-ms="16627">
      <class name="Test.java_test_script">
        <test-method signature="titlecheck()[pri:0, instance:Test.java_test_script@322803db]" started-at="2023-05-29T16:22:26 IST" name="titlecheck" finished-at="2023-05-29T16:22:42 IST" duration-ms="16384" status="PASS">
          <reporter-output>
          </reporter-output>
        </test-method> <!-- titlecheck -->
      </class> <!-- Test.java_test_script -->
    </test> <!-- Test-2 -->
    <test started-at="2023-05-29T16:22:25 IST" name="Test-1" finished-at="2023-05-29T16:22:44 IST" duration-ms="18639">
      <class name="Test.java_test_script">
        <test-method signature="titlecheck()[pri:0, instance:Test.java_test_script@1bc425e7]" started-at="2023-05-29T16:22:26 IST" name="titlecheck" finished-at="2023-05-29T16:22:43 IST" duration-ms="17215" status="PASS">
          <reporter-output>
          </reporter-output>
        </test-method> <!-- titlecheck -->
      </class> <!-- Test.java_test_script -->
    </test> <!-- Test-1 -->
    <test started-at="2023-05-29T16:22:25 IST" name="Test-0" finished-at="2023-05-29T16:22:45 IST" duration-ms="20012">
      <class name="Test.java_test_script">
        <test-method signature="titlecheck()[pri:0, instance:Test.java_test_script@40ab8a8]" started-at="2023-05-29T16:22:26 IST" name="titlecheck" finished-at="2023-05-29T16:22:44 IST" duration-ms="18692" status="PASS">
          <reporter-output>
          </reporter-output>
        </test-method> <!-- titlecheck -->
      </class> <!-- Test.java_test_script -->
    </test> <!-- Test-0 -->
  </suite> <!-- Suite -->
</testng-results>
